<?xml version="1.0" encoding="UTF-8"?>
<!-- Generated by org.testng.reporters.JUnitReportReporter -->
<testsuite hostname="Vikram" failures="0" tests="2" name="com.basic.elements.Base" time="5.550" errors="0" timestamp="2022-07-22T13:38:31 IST" skipped="0">
  <testcase classname="com.basic.elements.Base" name="openURL" time="2.741"/>
  <system-out/>
  <testcase classname="com.basic.elements.Base" name="draggableEle" time="2.809"/>
  <system-out/>
</testsuite> <!-- com.basic.elements.Base -->
